<?xml version="1.0" encoding="UTF-8"?>
<!-- Generated by org.testng.reporters.JUnitReportReporter -->
<testsuite hostname="LAPTOP-VUULS03O" failures="0" tests="12" name="com.edusys.dao.KhoaHocDAONGTest" time="2.322" errors="1" timestamp="2021-04-24T10:13:28 ICT" skipped="11">
  <testcase classname="com.edusys.dao.KhoaHocDAONGTest" name="setUpMethod" time="2.322">
    <error message="
Mockito cannot mock this class: class com.edusys.utils.XJdbc.

Mockito can only mock non-private &amp; non-final classes.
If you&#039;re not sure why you&#039;re getting this error, please report to the mailing list.


Java               : 15
JVM vendor name    : Oracle Corporation
JVM vendor version : 15.0.1+9-18
JVM name           : OpenJDK 64-Bit Server VM
JVM version        : 15.0.1+9-18
JVM info           : mixed mode
OS name            : Windows 10
OS version         : 10.0


Underlying exception : java.lang.IllegalArgumentException: Could not create type" type="org.mockito.exceptions.base.MockitoException">
      <![CDATA[org.mockito.exceptions.base.MockitoException: 
Mockito cannot mock this class: class com.edusys.utils.XJdbc.

Mockito can only mock non-private & non-final classes.
If you're not sure why you're getting this error, please report to the mailing list.


Java               : 15
JVM vendor name    : Oracle Corporation
JVM vendor version : 15.0.1+9-18
JVM name           : OpenJDK 64-Bit Server VM
JVM version        : 15.0.1+9-18
JVM info           : mixed mode
OS name            : Windows 10
OS version         : 10.0


Underlying exception : java.lang.IllegalArgumentException: Could not create type
at com.edusys.dao.KhoaHocDAONGTest.setUpMethod(KhoaHocDAONGTest.java:56)
at org.testng.internal.MethodInvocationHelper.invokeMethod(MethodInvocationHelper.java:132)
at org.testng.internal.MethodInvocationHelper.invokeMethodConsideringTimeout(MethodInvocationHelper.java:61)
at org.testng.internal.ConfigInvoker.invokeConfigurationMethod(ConfigInvoker.java:366)
at org.testng.internal.ConfigInvoker.invokeConfigurations(ConfigInvoker.java:320)
at org.testng.internal.TestInvoker.runConfigMethods(TestInvoker.java:701)
at org.testng.internal.TestInvoker.invokeMethod(TestInvoker.java:527)
at org.testng.internal.TestInvoker.invokeTestMethod(TestInvoker.java:174)
at org.testng.internal.MethodRunner.runInSequence(MethodRunner.java:46)
at org.testng.internal.TestInvoker$MethodInvocationAgent.invoke(TestInvoker.java:822)
at org.testng.internal.TestInvoker.invokeTestMethods(TestInvoker.java:147)
at org.testng.internal.TestMethodWorker.invokeTestMethods(TestMethodWorker.java:146)
at org.testng.internal.TestMethodWorker.run(TestMethodWorker.java:128)
at java.base/java.util.ArrayList.forEach(ArrayList.java:1511)
at org.testng.TestRunner.privateRun(TestRunner.java:764)
at org.testng.TestRunner.run(TestRunner.java:585)
at org.testng.SuiteRunner.runTest(SuiteRunner.java:384)
at org.testng.SuiteRunner.runSequentially(SuiteRunner.java:378)
at org.testng.SuiteRunner.privateRun(SuiteRunner.java:337)
at org.testng.SuiteRunner.run(SuiteRunner.java:286)
at org.testng.SuiteRunnerWorker.runSuite(SuiteRunnerWorker.java:53)
at org.testng.SuiteRunnerWorker.run(SuiteRunnerWorker.java:96)
at org.testng.TestNG.runSuitesSequentially(TestNG.java:1218)
at org.testng.TestNG.runSuitesLocally(TestNG.java:1140)
at org.testng.TestNG.runSuites(TestNG.java:1069)
at org.testng.TestNG.run(TestNG.java:1037)
at org.testng.remote.AbstractRemoteTestNG.run(AbstractRemoteTestNG.java:115)
at org.testng.remote.RemoteTestNG.initAndRun(RemoteTestNG.java:251)
at org.testng.remote.RemoteTestNG.main(RemoteTestNG.java:77)
Caused by: java.lang.IllegalArgumentException: Could not create type
at net.bytebuddy.TypeCache.findOrInsert(TypeCache.java:139)
at net.bytebuddy.TypeCache$WithInlineExpunction.findOrInsert(TypeCache.java:344)
at net.bytebuddy.TypeCache.findOrInsert(TypeCache.java:159)
at net.bytebuddy.TypeCache$WithInlineExpunction.findOrInsert(TypeCache.java:353)
at org.mockito.internal.creation.bytebuddy.TypeCachingBytecodeGenerator.mockClass(TypeCachingBytecodeGenerator.java:32)
at org.mockito.internal.creation.bytebuddy.SubclassByteBuddyMockMaker.createMockType(SubclassByteBuddyMockMaker.java:71)
at org.mockito.internal.creation.bytebuddy.SubclassByteBuddyMockMaker.createMock(SubclassByteBuddyMockMaker.java:42)
at org.mockito.internal.creation.bytebuddy.ByteBuddyMockMaker.createMock(ByteBuddyMockMaker.java:25)
at org.powermock.api.mockito.mockmaker.PowerMockMaker.createMock(PowerMockMaker.java:41)
at org.mockito.internal.util.MockUtil.createMock(MockUtil.java:35)
at org.mockito.internal.MockitoCore.mock(MockitoCore.java:62)
at org.mockito.Mockito.mock(Mockito.java:1908)
at org.powermock.api.mockito.internal.mockcreation.DefaultMockCreator.createMethodInvocationControl(DefaultMockCreator.java:108)
at org.powermock.api.mockito.internal.mockcreation.DefaultMockCreator.doCreateMock(DefaultMockCreator.java:61)
at org.powermock.api.mockito.internal.mockcreation.DefaultMockCreator.createMock(DefaultMockCreator.java:53)
at org.powermock.api.mockito.internal.mockcreation.DefaultMockCreator.mock(DefaultMockCreator.java:40)
at org.powermock.api.mockito.PowerMockito.mockStatic(PowerMockito.java:62)
at com.edusys.dao.KhoaHocDAONGTest.setUpMethod(KhoaHocDAONGTest.java:56)
at com.edusys.dao.KhoaHocDAONGTest_$$_jvst6cd_0._d9setUpMethod(KhoaHocDAONGTest_$$_jvst6cd_0.java)
at java.base/jdk.internal.reflect.NativeMethodAccessorImpl.invoke0(Native Method)
at java.base/jdk.internal.reflect.NativeMethodAccessorImpl.invoke(NativeMethodAccessorImpl.java:64)
at java.base/jdk.internal.reflect.DelegatingMethodAccessorImpl.invoke(DelegatingMethodAccessorImpl.java:43)
at java.base/java.lang.reflect.Method.invoke(Method.java:564)
at org.powermock.modules.testng.internal.PowerMockTestNGMethodHandler.invoke(PowerMockTestNGMethodHandler.java:50)
at com.edusys.dao.KhoaHocDAONGTest_$$_jvst6cd_0.setUpMethod(KhoaHocDAONGTest_$$_jvst6cd_0.java)
at java.base/jdk.internal.reflect.NativeMethodAccessorImpl.invoke0(Native Method)
at java.base/jdk.internal.reflect.NativeMethodAccessorImpl.invoke(NativeMethodAccessorImpl.java:64)
at java.base/jdk.internal.reflect.DelegatingMethodAccessorImpl.invoke(DelegatingMethodAccessorImpl.java:43)
at java.base/java.lang.reflect.Method.invoke(Method.java:564)
... 28 more
Caused by: java.lang.NoSuchMethodError: 'net.bytebuddy.dynamic.loading.MultipleParentClassLoader$Builder net.bytebuddy.dynamic.loading.MultipleParentClassLoader$Builder.appendMostSpecific(java.util.Collection)'
at org.mockito.internal.creation.bytebuddy.SubclassBytecodeGenerator.mockClass(SubclassBytecodeGenerator.java:83)
at org.mockito.internal.creation.bytebuddy.TypeCachingBytecodeGenerator$1.call(TypeCachingBytecodeGenerator.java:37)
at org.mockito.internal.creation.bytebuddy.TypeCachingBytecodeGenerator$1.call(TypeCachingBytecodeGenerator.java:34)
at net.bytebuddy.TypeCache.findOrInsert(TypeCache.java:137)
... 56 more
]]>
    </error>
  </testcase> <!-- setUpMethod -->
  <system-out/>
  <testcase classname="com.edusys.dao.KhoaHocDAONGTest" name="testSelectAll" time="0.000">
    <skipped/>
  </testcase> <!-- testSelectAll -->
  <system-out/>
  <testcase classname="com.edusys.dao.KhoaHocDAONGTest" name="testInsertWithNullModel" time="0.000">
    <skipped/>
  </testcase> <!-- testInsertWithNullModel -->
  <system-out/>
  <testcase classname="com.edusys.dao.KhoaHocDAONGTest" name="testSelectByIdWithValidID" time="0.000">
    <skipped/>
  </testcase> <!-- testSelectByIdWithValidID -->
  <system-out/>
  <testcase classname="com.edusys.dao.KhoaHocDAONGTest" name="testSelectByIdWithNotFoundID" time="0.000">
    <skipped/>
  </testcase> <!-- testSelectByIdWithNotFoundID -->
  <system-out/>
  <testcase classname="com.edusys.dao.KhoaHocDAONGTest" name="testSelectYears" time="0.000">
    <skipped/>
  </testcase> <!-- testSelectYears -->
  <system-out/>
  <testcase classname="com.edusys.dao.KhoaHocDAONGTest" name="testInsertWithValidModel" time="0.000">
    <skipped/>
  </testcase> <!-- testInsertWithValidModel -->
  <system-out/>
  <testcase classname="com.edusys.dao.KhoaHocDAONGTest" name="testInsertWithEmptyModel" time="0.000">
    <skipped/>
  </testcase> <!-- testInsertWithEmptyModel -->
  <system-out/>
  <testcase classname="com.edusys.dao.KhoaHocDAONGTest" name="testSelectBySql" time="0.000">
    <skipped/>
  </testcase> <!-- testSelectBySql -->
  <system-out/>
  <testcase classname="com.edusys.dao.KhoaHocDAONGTest" name="testDelete" time="0.000">
    <skipped/>
  </testcase> <!-- testDelete -->
  <system-out/>
  <testcase classname="com.edusys.dao.KhoaHocDAONGTest" name="testUpdate" time="0.000">
    <skipped/>
  </testcase> <!-- testUpdate -->
  <system-out/>
  <testcase classname="com.edusys.dao.KhoaHocDAONGTest" name="testSelectByChuyenDe" time="0.000">
    <skipped/>
  </testcase> <!-- testSelectByChuyenDe -->
  <system-out/>
</testsuite> <!-- com.edusys.dao.KhoaHocDAONGTest -->
