<?xml version="1.0" encoding="UTF-8"?>
<!-- Generated by org.testng.reporters.JUnitReportReporter -->
<testsuite hostname="DESKTOP-1I0CLT9" failures="0" tests="6" name="com.edusys.dao.ThongKeDAONGTest" time="0.823" errors="1" timestamp="2021-04-24T09:30:32 ICT" skipped="5">
  <testcase classname="com.edusys.dao.ThongKeDAONGTest" name="testGetBangDiem" time="0.771">
    <skipped/>
  </testcase> <!-- testGetBangDiem -->
  <system-out/>
  <testcase classname="com.edusys.dao.ThongKeDAONGTest" name="testGetDiemChuyenDe" time="0.000">
    <skipped/>
  </testcase> <!-- testGetDiemChuyenDe -->
  <system-out/>
  <testcase classname="com.edusys.dao.ThongKeDAONGTest" name="testGetDoanhThu" time="0.000">
    <skipped/>
  </testcase> <!-- testGetDoanhThu -->
  <system-out/>
  <testcase classname="com.edusys.dao.ThongKeDAONGTest" name="testGetLuongNguoiHoc" time="0.000">
    <skipped/>
  </testcase> <!-- testGetLuongNguoiHoc -->
  <system-out/>
  <testcase classname="com.edusys.dao.ThongKeDAONGTest" name="testGetLuongNguoiHocWithMultipleDate" time="0.000">
    <skipped/>
  </testcase> <!-- testGetLuongNguoiHocWithMultipleDate -->
  <system-out/>
  <testcase classname="com.edusys.dao.ThongKeDAONGTest" name="setUp" time="0.052">
    <error message="
Mockito cannot mock this class: class com.edusys.utils.XJdbc.

Mockito can only mock non-private &amp; non-final classes.
If you&#039;re not sure why you&#039;re getting this error, please report to the mailing list.


Java               : 15
JVM vendor name    : Oracle Corporation
JVM vendor version : 15.0.2+7-27
JVM name           : Java HotSpot(TM) 64-Bit Server VM
JVM version        : 15.0.2+7-27
JVM info           : mixed mode, sharing
OS name            : Windows 10
OS version         : 10.0


Underlying exception : java.lang.IllegalArgumentException: Could not create type" type="org.mockito.exceptions.base.MockitoException">
      <![CDATA[org.mockito.exceptions.base.MockitoException: 
Mockito cannot mock this class: class com.edusys.utils.XJdbc.

Mockito can only mock non-private & non-final classes.
If you're not sure why you're getting this error, please report to the mailing list.


Java               : 15
JVM vendor name    : Oracle Corporation
JVM vendor version : 15.0.2+7-27
JVM name           : Java HotSpot(TM) 64-Bit Server VM
JVM version        : 15.0.2+7-27
JVM info           : mixed mode, sharing
OS name            : Windows 10
OS version         : 10.0


Underlying exception : java.lang.IllegalArgumentException: Could not create type
at com.edusys.dao.ThongKeDAONGTest.setUp(ThongKeDAONGTest.java:41)
at org.testng.internal.MethodInvocationHelper.invokeMethod(MethodInvocationHelper.java:132)
at org.testng.internal.MethodInvocationHelper.invokeMethodConsideringTimeout(MethodInvocationHelper.java:61)
at org.testng.internal.ConfigInvoker.invokeConfigurationMethod(ConfigInvoker.java:366)
at org.testng.internal.ConfigInvoker.invokeConfigurations(ConfigInvoker.java:320)
at org.testng.internal.TestInvoker.runConfigMethods(TestInvoker.java:701)
at org.testng.internal.TestInvoker.invokeMethod(TestInvoker.java:527)
at org.testng.internal.TestInvoker.invokeTestMethod(TestInvoker.java:174)
at org.testng.internal.MethodRunner.runInSequence(MethodRunner.java:46)
at org.testng.internal.TestInvoker$MethodInvocationAgent.invoke(TestInvoker.java:822)
at org.testng.internal.TestInvoker.invokeTestMethods(TestInvoker.java:147)
at org.testng.internal.TestMethodWorker.invokeTestMethods(TestMethodWorker.java:146)
at org.testng.internal.TestMethodWorker.run(TestMethodWorker.java:128)
at java.base/java.util.ArrayList.forEach(ArrayList.java:1511)
at org.testng.TestRunner.privateRun(TestRunner.java:764)
at org.testng.TestRunner.run(TestRunner.java:585)
at org.testng.SuiteRunner.runTest(SuiteRunner.java:384)
at org.testng.SuiteRunner.runSequentially(SuiteRunner.java:378)
at org.testng.SuiteRunner.privateRun(SuiteRunner.java:337)
at org.testng.SuiteRunner.run(SuiteRunner.java:286)
at org.testng.SuiteRunnerWorker.runSuite(SuiteRunnerWorker.java:53)
at org.testng.SuiteRunnerWorker.run(SuiteRunnerWorker.java:96)
at org.testng.TestNG.runSuitesSequentially(TestNG.java:1218)
at org.testng.TestNG.runSuitesLocally(TestNG.java:1140)
at org.testng.TestNG.runSuites(TestNG.java:1069)
at org.testng.TestNG.run(TestNG.java:1037)
at org.testng.remote.AbstractRemoteTestNG.run(AbstractRemoteTestNG.java:115)
at org.testng.remote.RemoteTestNG.initAndRun(RemoteTestNG.java:251)
at org.testng.remote.RemoteTestNG.main(RemoteTestNG.java:77)
Caused by: java.lang.IllegalArgumentException: Could not create type
at net.bytebuddy.TypeCache.findOrInsert(TypeCache.java:139)
at net.bytebuddy.TypeCache$WithInlineExpunction.findOrInsert(TypeCache.java:344)
at net.bytebuddy.TypeCache.findOrInsert(TypeCache.java:159)
at net.bytebuddy.TypeCache$WithInlineExpunction.findOrInsert(TypeCache.java:353)
at org.mockito.internal.creation.bytebuddy.TypeCachingBytecodeGenerator.mockClass(TypeCachingBytecodeGenerator.java:32)
at org.mockito.internal.creation.bytebuddy.SubclassByteBuddyMockMaker.createMockType(SubclassByteBuddyMockMaker.java:71)
at org.mockito.internal.creation.bytebuddy.SubclassByteBuddyMockMaker.createMock(SubclassByteBuddyMockMaker.java:42)
at org.mockito.internal.creation.bytebuddy.ByteBuddyMockMaker.createMock(ByteBuddyMockMaker.java:25)
at org.powermock.api.mockito.mockmaker.PowerMockMaker.createMock(PowerMockMaker.java:41)
at org.mockito.internal.util.MockUtil.createMock(MockUtil.java:35)
at org.mockito.internal.MockitoCore.mock(MockitoCore.java:62)
at org.mockito.Mockito.mock(Mockito.java:1908)
at org.powermock.api.mockito.internal.mockcreation.DefaultMockCreator.createMethodInvocationControl(DefaultMockCreator.java:108)
at org.powermock.api.mockito.internal.mockcreation.DefaultMockCreator.doCreateMock(DefaultMockCreator.java:61)
at org.powermock.api.mockito.internal.mockcreation.DefaultMockCreator.createMock(DefaultMockCreator.java:53)
at org.powermock.api.mockito.internal.mockcreation.DefaultMockCreator.mock(DefaultMockCreator.java:40)
at org.powermock.api.mockito.PowerMockito.mockStatic(PowerMockito.java:62)
at com.edusys.dao.ThongKeDAONGTest.setUp(ThongKeDAONGTest.java:41)
at java.base/jdk.internal.reflect.NativeMethodAccessorImpl.invoke0(Native Method)
at java.base/jdk.internal.reflect.NativeMethodAccessorImpl.invoke(NativeMethodAccessorImpl.java:64)
at java.base/jdk.internal.reflect.DelegatingMethodAccessorImpl.invoke(DelegatingMethodAccessorImpl.java:43)
at java.base/java.lang.reflect.Method.invoke(Method.java:564)
... 28 more
Caused by: java.lang.NoSuchMethodError: 'net.bytebuddy.dynamic.loading.MultipleParentClassLoader$Builder net.bytebuddy.dynamic.loading.MultipleParentClassLoader$Builder.appendMostSpecific(java.util.Collection)'
at org.mockito.internal.creation.bytebuddy.SubclassBytecodeGenerator.mockClass(SubclassBytecodeGenerator.java:83)
at org.mockito.internal.creation.bytebuddy.TypeCachingBytecodeGenerator$1.call(TypeCachingBytecodeGenerator.java:37)
at org.mockito.internal.creation.bytebuddy.TypeCachingBytecodeGenerator$1.call(TypeCachingBytecodeGenerator.java:34)
at net.bytebuddy.TypeCache.findOrInsert(TypeCache.java:137)
... 49 more
]]>
    </error>
  </testcase> <!-- setUp -->
  <system-out/>
</testsuite> <!-- com.edusys.dao.ThongKeDAONGTest -->
